<?xml version="1.0" encoding="UTF-8"?>
<!-- Generated by org.testng.reporters.JUnitReportReporter -->
<testsuite hostname="DESKTOP-6J3RIMT" failures="0" tests="10" name="FinalProject.FinalProject.AppTest" time="89.390" errors="0" timestamp="2025-06-17T18:34:06 GMT+03:00" skipped="0">
  <testcase classname="FinalProject.FinalProject.AppTest" name="GetUrl" time="19.578"/>
  <system-out/>
  <testcase classname="FinalProject.FinalProject.AppTest" name="userRegistrationProsses" time="5.917"/>
  <system-out/>
  <testcase classname="FinalProject.FinalProject.AppTest" name="sign_in" time="4.268"/>
  <system-out/>
  <testcase classname="FinalProject.FinalProject.AppTest" name="productDetails" time="3.201"/>
  <system-out/>
  <testcase classname="FinalProject.FinalProject.AppTest" name="addTwoRandomPantsToCart" time="15.313"/>
  <system-out/>
  <testcase classname="FinalProject.FinalProject.AppTest" name="ViewingandModifyingtheCart" time="28.664"/>
  <system-out/>
  <testcase classname="FinalProject.FinalProject.AppTest" name="ProceedingtoCheckout" time="3.303"/>
  <system-out/>
  <testcase classname="FinalProject.FinalProject.AppTest" name="PrivacyPolicyAccessibility" time="4.096"/>
  <system-out/>
  <testcase classname="FinalProject.FinalProject.AppTest" name="ContactUsPage" time="3.183"/>
  <system-out/>
  <testcase classname="FinalProject.FinalProject.AppTest" name="LogOut" time="1.867"/>
  <system-out/>
</testsuite> <!-- FinalProject.FinalProject.AppTest -->
